<?xml version="1.0" encoding="UTF-8"?>
<!-- Generated by org.testng.reporters.JUnitXMLReporter -->
<testsuite hostname="w.local" ignored="0" name="HomePageChecks - FireFox" tests="6" failures="0" timestamp="2020-03-20T11:04:49 GMT" time="32.327" errors="0">
  <testcase name="checkHomePage" time="1.242" classname="express_cart.ui.homepage.test.HomePageCheck"/>
  <testcase name="checkShopName" time="0.257" classname="express_cart.ui.homepage.test.HomePageCheck"/>
  <testcase name="changeLanguageToItalian" time="3.524" classname="express_cart.ui.homepage.test.HomePageCheck"/>
  <testcase name="checkCart" time="0.428" classname="express_cart.ui.homepage.test.HomePageCheck"/>
  <testcase name="checkProduct" time="0.41" classname="express_cart.ui.homepage.test.HomePageCheck"/>
  <testcase name="checkNavigationMenu" time="0.325" classname="express_cart.ui.homepage.test.HomePageCheck"/>
</testsuite> <!-- HomePageChecks - FireFox -->
