<?xml version="1.0" encoding="UTF-8"?>
<!-- Generated by org.testng.reporters.JUnitXMLReporter -->
<testsuite hostname="w.local" ignored="0" name="HomePageChecks" tests="4" failures="0" timestamp="2020-03-16T20:37:08 GMT" time="11.535" errors="0">
  <testcase name="checkHomePage" time="2.512" classname="express_cart.ui.homepage.test.HomePageCheck"/>
  <testcase name="checkShopName" time="0.251" classname="express_cart.ui.homepage.test.HomePageCheck"/>
  <testcase name="changeLanguageToItalian" time="3.904" classname="express_cart.ui.homepage.test.HomePageCheck"/>
  <testcase name="checkCart" time="1.035" classname="express_cart.ui.homepage.test.HomePageCheck"/>
</testsuite> <!-- HomePageChecks -->
